\BOOKMARK [0][-]{chapter.1}{Introduction}{}% 1
\BOOKMARK [0][-]{chapter.2}{Deformation quantization}{}% 2
\BOOKMARK [1][-]{section.2.1}{Mechanics: The Classical and the Quantum World}{chapter.2}% 3
\BOOKMARK [2][-]{subsection.2.1.1}{Classical Mechanical Systems}{section.2.1}% 4
\BOOKMARK [2][-]{subsection.2.1.2}{Quantum Mechanics}{section.2.1}% 5
\BOOKMARK [1][-]{section.2.2}{Making Things Noncommutative: Quantization}{chapter.2}% 6
\BOOKMARK [2][-]{subsection.2.2.1}{The Task}{section.2.2}% 7
\BOOKMARK [1][-]{section.2.3}{Deformation Quantization}{chapter.2}% 8
\BOOKMARK [2][-]{subsection.2.3.1}{The Concept}{section.2.3}% 9
\BOOKMARK [2][-]{subsection.2.3.2}{A Mathematical Theory}{section.2.3}% 10
\BOOKMARK [2][-]{subsection.2.3.3}{From Formal to Strict}{section.2.3}% 11
\BOOKMARK [0][-]{chapter.3}{Algebraic Preliminaries}{}% 12
\BOOKMARK [1][-]{section.3.1}{Linear Poisson Structures in Infinite Dimensions}{chapter.3}% 13
\BOOKMARK [1][-]{section.3.2}{The Gutt Star Product}{chapter.3}% 14
\BOOKMARK [2][-]{subsection.3.2.1}{The Universal Enveloping Algebra}{section.3.2}% 15
\BOOKMARK [2][-]{subsection.3.2.2}{The Poincar\351-Birkhoff-Witt Theorem}{section.3.2}% 16
\BOOKMARK [2][-]{subsection.3.2.3}{The Gutt Star Product}{section.3.2}% 17
\BOOKMARK [1][-]{section.3.3}{The Baker-Campbell-Hausdorff Series}{chapter.3}% 18
\BOOKMARK [2][-]{subsection.3.3.1}{Some General and Historical Remarks}{section.3.3}% 19
\BOOKMARK [2][-]{subsection.3.3.2}{Forms of the BCH Series}{section.3.3}% 20
\BOOKMARK [2][-]{subsection.3.3.3}{The Goldberg-Thompson Formula and some Results}{section.3.3}% 21
\BOOKMARK [1][-]{section.3.4}{The Equality of the Star Products}{chapter.3}% 22
\BOOKMARK [0][-]{chapter.4}{Formulas for the Gutt star product}{}% 23
\BOOKMARK [1][-]{section.4.1}{Formulas for the Gutt Star Product}{chapter.4}% 24
\BOOKMARK [2][-]{subsection.4.1.1}{A Monomial with a Linear Term}{section.4.1}% 25
\BOOKMARK [2][-]{subsection.4.1.2}{An Iterated Formula for the General Case}{section.4.1}% 26
\BOOKMARK [2][-]{subsection.4.1.3}{A Formula for two Monomials}{section.4.1}% 27
\BOOKMARK [1][-]{section.4.2}{Consequences and Examples}{chapter.4}% 28
\BOOKMARK [2][-]{subsection.4.2.1}{Some Consequences}{section.4.2}% 29
\BOOKMARK [2][-]{subsection.4.2.2}{Two Examples}{section.4.2}% 30
\BOOKMARK [0][-]{chapter.5}{A Locally Convex Topology for the Gutt Star Product}{}% 31
\BOOKMARK [1][-]{section.5.1}{Why Locally Convex?}{chapter.5}% 32
\BOOKMARK [1][-]{section.5.2}{Locally Convex Algebras}{chapter.5}% 33
\BOOKMARK [2][-]{subsection.5.2.1}{Locally Convex Spaces and Algebras}{section.5.2}% 34
\BOOKMARK [2][-]{subsection.5.2.2}{A Special Class of Locally Convex Algebras}{section.5.2}% 35
\BOOKMARK [2][-]{subsection.5.2.3}{The Projective Tensor Product}{section.5.2}% 36
\BOOKMARK [2][-]{subsection.5.2.4}{A Topology for the Gutt Star Product}{section.5.2}% 37
\BOOKMARK [1][-]{section.5.3}{Continuity Results for the Gutt Star Product}{chapter.5}% 38
\BOOKMARK [2][-]{subsection.5.3.1}{Continuity of the Product}{section.5.3}% 39
\BOOKMARK [2][-]{subsection.5.3.2}{Dependence on the Formal Parameter}{section.5.3}% 40
\BOOKMARK [2][-]{subsection.5.3.3}{Representations}{section.5.3}% 41
\BOOKMARK [2][-]{subsection.5.3.4}{Functoriality}{section.5.3}% 42
\BOOKMARK [1][-]{section.5.4}{Alternative Topologies and an Optimal Result}{chapter.5}% 43
\BOOKMARK [0][-]{chapter.6}{Nilpotent Lie Algebras}{}% 44
\BOOKMARK [1][-]{section.6.1}{The Projective Limit}{chapter.6}% 45
\BOOKMARK [2][-]{subsection.6.1.1}{Continuity of the Product}{section.6.1}% 46
\BOOKMARK [2][-]{subsection.6.1.2}{Representations and Functoriality}{section.6.1}% 47
\BOOKMARK [1][-]{section.6.2}{Module Structures}{chapter.6}% 48
\BOOKMARK [1][-]{section.6.3}{The Heisenberg and the Weyl Algebra}{chapter.6}% 49
\BOOKMARK [1][-]{section.6.4}{Banach-Lie Algebras}{chapter.6}% 50
\BOOKMARK [2][-]{subsection.6.4.1}{Generalizations of Nilpotency}{section.6.4}% 51
\BOOKMARK [2][-]{subsection.6.4.2}{An Adapted Topology for the Tensor Algebra}{section.6.4}% 52
\BOOKMARK [2][-]{subsection.6.4.3}{A New Continuity Result}{section.6.4}% 53
\BOOKMARK [0][-]{chapter.7}{The Hopf Algebra Structure}{}% 54
\BOOKMARK [1][-]{section.7.1}{An Undeformed Hopf Structure}{chapter.7}% 55
\BOOKMARK [1][-]{section.7.2}{Continuity of the Hopf Structure}{chapter.7}% 56
\BOOKMARK [0][-]{chapter*.14}{Bibliography}{}% 57
